Build started 12.03.2014 11:58:11.
     1>Project "E:\Roman\Project Visual\Task1_z_20\Task1_z_20\Task1_z_20.vcxproj" on node 2 (build target(s)).
     1>PrepareForBuild:
         Creating directory "E:\Roman\Project Visual\Task1_z_20\Debug\".
       InitializeBuildStatus:
         Creating "Debug\Task1_z_20.unsuccessfulbuild" because "AlwaysCreate" was specified.
       ClCompile:
         C:\Program Files (x86)\Microsoft Visual Studio 10.0\VC\bin\CL.exe /c /ZI /nologo /W3 /WX- /Od /Oy- /D _MBCS /Gm /EHsc /RTC1 /MDd /GS /fp:precise /Zc:wchar_t /Zc:forScope /Fo"Debug\\" /Fd"Debug\vc100.pdb" /Gd /TP /analyze- /errorReport:prompt Task1_z_20.cpp
         Task1_z_20.cpp
       Link:
         C:\Program Files (x86)\Microsoft Visual Studio 10.0\VC\bin\link.exe /ERRORREPORT:PROMPT /OUT:"E:\Roman\Project Visual\Task1_z_20\Debug\Task1_z_20.exe" /NOLOGO kernel32.lib user32.lib gdi32.lib winspool.lib comdlg32.lib advapi32.lib shell32.lib ole32.lib oleaut32.lib uuid.lib odbc32.lib odbccp32.lib /MANIFEST /ManifestFile:"Debug\Task1_z_20.exe.intermediate.manifest" /MANIFESTUAC:"level='asInvoker' uiAccess='false'" /DEBUG /PDB:"E:\Roman\Project Visual\Task1_z_20\Debug\Task1_z_20.pdb" /TLBID:1 /DYNAMICBASE /NXCOMPAT /IMPLIB:"E:\Roman\Project Visual\Task1_z_20\Debug\Task1_z_20.lib" /MACHINE:X86 Debug\Task1_z_20.obj
         Task1_z_20.vcxproj -> E:\Roman\Project Visual\Task1_z_20\Debug\Task1_z_20.exe
       Manifest:
         C:\Program Files (x86)\Microsoft SDKs\Windows\v7.0A\bin\mt.exe /nologo /verbose /outputresource:"E:\Roman\Project Visual\Task1_z_20\Debug\Task1_z_20.exe;#1" /manifest Debug\Task1_z_20.exe.intermediate.manifest
       FinalizeBuildStatus:
         Deleting file "Debug\Task1_z_20.unsuccessfulbuild".
         Touching "Debug\Task1_z_20.lastbuildstate".
     1>Done Building Project "E:\Roman\Project Visual\Task1_z_20\Task1_z_20\Task1_z_20.vcxproj" (build target(s)).

Build succeeded.

Time Elapsed 00:00:01.44
